<?xml version="1.0" encoding="UTF-8"?>
<!-- Generated by org.testng.reporters.JUnitReportReporter -->
<testsuite hostname="LAPTOP-JABRS5C8" failures="0" tests="1" name="com.TestRunner.TestNgRunner" time="20.196" errors="0" timestamp="2022-08-16T15:58:05 IST" skipped="0">
  <testcase classname="com.TestRunner.TestNgRunner" name="runScenario" time="20.196"/>
  <system-out/>
</testsuite> <!-- com.TestRunner.TestNgRunner -->
